\BOOKMARK [0][-]{chapter.1}{\376\377\000M\000e\000t\000r\000i\000s\000c\000h\000e\000\040\000R\000\344\000u\000m\000e}{}% 1
\BOOKMARK [1][-]{section.1.1}{\376\377\000D\000e\000f\000i\000n\000i\000t\000i\000o\000n\000e\000n}{chapter.1}% 2
\BOOKMARK [1][-]{section.1.2}{\376\377\000K\000o\000n\000v\000e\000r\000g\000e\000n\000z\000\040\000u\000n\000d\000\040\000S\000t\000e\000t\000i\000g\000k\000e\000i\000t}{chapter.1}% 3
\BOOKMARK [1][-]{section.1.3}{\376\377\000O\000f\000f\000e\000n\000e\000\040\000u\000n\000d\000\040\000a\000b\000g\000e\000s\000c\000h\000l\000o\000s\000s\000e\000n\000e\000\040\000M\000e\000n\000g\000e\000n}{chapter.1}% 4
\BOOKMARK [1][-]{section.1.4}{\376\377\000V\000o\000l\000l\000s\000t\000\344\000n\000d\000i\000g\000k\000e\000i\000t}{chapter.1}% 5
\BOOKMARK [1][-]{section.1.5}{\376\377\000K\000o\000m\000p\000a\000k\000t\000h\000e\000i\000t}{chapter.1}% 6
\BOOKMARK [0][-]{chapter.2}{\376\377\000M\000a\000\337\000-\000\040\000u\000n\000d\000\040\000I\000n\000t\000e\000g\000r\000a\000t\000i\000o\000n\000s\000t\000h\000e\000o\000r\000i\000e}{}% 7
\BOOKMARK [1][-]{section.2.1}{\376\377\000G\000r\000u\000n\000d\000l\000e\000g\000e\000n\000d\000e\000\040\000K\000o\000n\000s\000t\000r\000u\000k\000t\000i\000o\000n\000e\000n}{chapter.2}% 8
\BOOKMARK [1][-]{section.2.2}{\376\377\000I\000n\000t\000e\000g\000r\000a\000t\000i\000o\000n}{chapter.2}% 9
\BOOKMARK [0][-]{chapter.3}{\376\377\000N\000o\000r\000m\000i\000e\000r\000t\000e\000\040\000R\000\344\000u\000m\000e}{}% 10
\BOOKMARK [1][-]{section.3.1}{\376\377\000D\000e\000f\000i\000n\000i\000t\000i\000o\000n\000e\000n}{chapter.3}% 11
\BOOKMARK [1][-]{section.3.2}{\376\377\000V\000e\000r\000v\000o\000l\000l\000s\000t\000\344\000n\000d\000i\000g\000u\000n\000g}{chapter.3}% 12
\BOOKMARK [1][-]{section.3.3}{\376\377\000L\000p\000-\000R\000\344\000u\000m\000e}{chapter.3}% 13
\BOOKMARK [1][-]{section.3.4}{\376\377\000B\000e\000i\000s\000p\000i\000e\000l\000e\000\040\000f\000\374\000r\000\040\000n\000o\000r\000m\000i\000e\000r\000t\000e\000\040\000R\000\344\000u\000m\000e}{chapter.3}% 14
\BOOKMARK [1][-]{section.3.5}{\376\377\000\304\000q\000u\000i\000v\000a\000l\000e\000n\000z\000\040\000v\000o\000n\000\040\000N\000o\000r\000m\000e\000n}{chapter.3}% 15
\BOOKMARK [0][-]{chapter.4}{\376\377\000H\000i\000l\000b\000e\000r\000t\000r\000\344\000u\000m\000e}{}% 16
\BOOKMARK [1][-]{section.4.1}{\376\377\000D\000e\000f\000i\000n\000i\000t\000i\000o\000n\000e\000n}{chapter.4}% 17
\BOOKMARK [1][-]{section.4.2}{\376\377\000B\000e\000i\000s\000p\000i\000e\000l\000e}{chapter.4}% 18
\BOOKMARK [1][-]{section.4.3}{\376\377\000O\000r\000t\000h\000o\000g\000o\000n\000a\000l\000b\000a\000s\000e\000n}{chapter.4}% 19
\BOOKMARK [1][-]{section.4.4}{\376\377\000P\000r\000o\000j\000e\000k\000t\000i\000o\000n\000e\000n}{chapter.4}% 20
\BOOKMARK [0][-]{chapter.5}{\376\377\000L\000i\000n\000e\000a\000r\000e\000\040\000O\000p\000e\000r\000a\000t\000o\000r\000e\000n}{}% 21
\BOOKMARK [1][-]{section.5.1}{\376\377\000D\000e\000f\000i\000n\000i\000t\000i\000o\000n\000e\000n}{chapter.5}% 22
\BOOKMARK [1][-]{section.5.2}{\376\377\000D\000a\000s\000\040\000D\000u\000a\000l}{chapter.5}% 23
\BOOKMARK [1][-]{section.5.3}{\376\377\000D\000e\000r\000\040\000S\000a\000t\000z\000\040\000v\000o\000n\000\040\000H\000a\000h\000n\000-\000B\000a\000n\000a\000c\000h}{chapter.5}% 24
\BOOKMARK [1][-]{section.5.4}{\376\377\000D\000a\000s\000\040\000P\000r\000i\000n\000z\000i\000p\000\040\000d\000e\000r\000\040\000g\000l\000e\000i\000c\000h\000m\000\344\000\337\000i\000g\000e\000n\000\040\000B\000e\000s\000c\000h\000r\000\344\000n\000k\000t\000h\000e\000i\000t}{chapter.5}% 25
\BOOKMARK [1][-]{section.5.5}{\376\377\000D\000a\000s\000\040\000P\000r\000i\000n\000z\000i\000p\000\040\000d\000e\000r\000\040\000g\000l\000e\000i\000c\000h\000m\000\344\000\337\000i\000g\000e\000n\000\040\000B\000e\000s\000c\000h\000r\000\344\000n\000k\000t\000h\000e\000i\000t}{chapter.5}% 26
\BOOKMARK [1][-]{section.5.6}{\376\377\000D\000e\000r\000\040\000S\000a\000t\000z\000\040\000v\000o\000n\000\040\000d\000e\000r\000\040\000o\000f\000f\000e\000n\000e\000n\000\040\000A\000b\000b\000i\000l\000d\000u\000n\000g}{chapter.5}% 27
\BOOKMARK [1][-]{section.5.7}{\376\377\000D\000e\000r\000\040\000S\000a\000t\000z\000\040\000v\000o\000m\000\040\000a\000b\000g\000e\000s\000c\000h\000l\000o\000s\000s\000e\000n\000e\000n\000\040\000G\000r\000a\000p\000h\000e\000n}{chapter.5}% 28
\BOOKMARK [0][-]{chapter.6}{\376\377\000K\000o\000m\000p\000a\000k\000t\000e\000\040\000O\000p\000e\000r\000a\000t\000o\000r\000e\000n}{}% 29
\BOOKMARK [1][-]{section.6.1}{\376\377\000D\000e\000f\000i\000n\000i\000t\000i\000o\000n\000e\000n\000\040\000u\000n\000d\000\040\000E\000i\000g\000e\000n\000s\000c\000h\000a\000f\000t\000e\000n}{chapter.6}% 30
\BOOKMARK [1][-]{section.6.2}{\376\377\000H\000i\000l\000b\000e\000r\000t\000-\000S\000c\000h\000m\000i\000d\000t\000-\000O\000p\000e\000r\000a\000t\000o\000r\000e\000n}{chapter.6}% 31
\BOOKMARK [1][-]{section.6.3}{\376\377\000E\000i\000g\000e\000n\000w\000e\000r\000t\000e\000\040\000u\000n\000d\000\040\000V\000e\000k\000t\000o\000r\000e\000n\000\040\000v\000o\000n\000\040\000k\000o\000m\000p\000a\000k\000t\000e\000n\000\040\000O\000p\000e\000r\000a\000t\000o\000r\000e\000n}{chapter.6}% 32
\BOOKMARK [1][-]{section.6.4}{\376\377\000K\000o\000m\000p\000a\000k\000t\000e\000\040\000O\000p\000e\000r\000a\000t\000o\000r\000e\000n\000\040\000u\000n\000d\000\040\000O\000p\000e\000r\000a\000t\000o\000r\000e\000n\000\040\000v\000o\000n\000\040\000e\000n\000d\000l\000i\000c\000h\000e\000m\000\040\000R\000a\000n\000g}{chapter.6}% 33
\BOOKMARK [0][-]{chapter.7}{\376\377\000D\000e\000r\000\040\000S\000p\000e\000k\000t\000r\000a\000l\000s\000a\000t\000z\000\040\000u\000n\000d\000\040\000F\000u\000n\000k\000t\000i\000o\000n\000a\000l\000k\000a\000l\000k\000\374\000l\000e}{}% 34
\BOOKMARK [1][-]{section.7.1}{\376\377\000D\000e\000r\000\040\000a\000n\000a\000l\000y\000t\000i\000s\000c\000h\000e\000\040\000F\000u\000n\000k\000t\000i\000o\000n\000a\000l\000k\000a\000l\000k\000\374\000l}{chapter.7}% 35
\BOOKMARK [1][-]{section.7.2}{\376\377\000D\000a\000s\000\040\000S\000p\000e\000k\000t\000r\000u\000m\000\040\000e\000i\000n\000e\000s\000\040\000O\000p\000e\000r\000a\000t\000o\000r\000s}{chapter.7}% 36
\BOOKMARK [1][-]{section.7.3}{\376\377\000D\000e\000r\000\040\000S\000a\000t\000z\000\040\000v\000o\000n\000\040\000S\000t\000o\000n\000e\000-\000W\000e\000i\000e\000r\000s\000t\000r\000a\000\337}{chapter.7}% 37
\BOOKMARK [1][-]{section.7.4}{\376\377\000D\000e\000r\000\040\000s\000t\000e\000t\000i\000g\000e\000\040\000F\000u\000n\000k\000t\000i\000o\000n\000a\000l\000k\000a\000l\000k\000\374\000l}{chapter.7}% 38
